> Task :compileJava UP-TO-DATE
> Task :processResources UP-TO-DATE
> Task :classes UP-TO-DATE
> Task :resolveMainClassName UP-TO-DATE

> Task :bootRun

  .   ____          _            __ _ _
 /\\ / ___'_ __ _ _(_)_ __  __ _ \ \ \ \
( ( )\___ | '_ | '_| | '_ \/ _` | \ \ \ \
 \\/  ___)| |_)| | | | | || (_| |  ) ) ) )
  '  |____| .__|_| |_|_| |_\__, | / / / /
 =========|_|==============|___/=/_/_/_/

 :: Spring Boot ::                (v3.5.3)

2025-06-29T17:51:11.999+09:00  INFO 25435 --- [stt] [           main] com.gco.stt.SttApplication               : Starting SttApplication using Java 21.0.7 with PID 25435 (/Users/ken/IdeaProjects/vtopia/stt_example/build/classes/java/main started by ken in /Users/ken/IdeaProjects/vtopia/stt_example)
2025-06-29T17:51:12.000+09:00  INFO 25435 --- [stt] [           main] com.gco.stt.SttApplication               : No active profile set, falling back to 1 default profile: "default"
2025-06-29T17:51:12.235+09:00  INFO 25435 --- [stt] [           main] o.s.b.w.embedded.tomcat.TomcatWebServer  : Tomcat initialized with port 8080 (http)
2025-06-29T17:51:12.240+09:00  INFO 25435 --- [stt] [           main] o.apache.catalina.core.StandardService   : Starting service [Tomcat]
2025-06-29T17:51:12.240+09:00  INFO 25435 --- [stt] [           main] o.apache.catalina.core.StandardEngine    : Starting Servlet engine: [Apache Tomcat/10.1.42]
2025-06-29T17:51:12.255+09:00  INFO 25435 --- [stt] [           main] o.a.c.c.C.[Tomcat].[localhost].[/]       : Initializing Spring embedded WebApplicationContext
2025-06-29T17:51:12.256+09:00  INFO 25435 --- [stt] [           main] w.s.c.ServletWebServerApplicationContext : Root WebApplicationContext: initialization completed in 243 ms
2025-06-29T17:51:12.274+09:00  INFO 25435 --- [stt] [           main] com.gco.stt.config.GoogleCloudConfig     : v2 SpeechClient Bean 생성. 리전 global
2025-06-29T17:51:12.956+09:00  INFO 25435 --- [stt] [           main] o.s.b.w.embedded.tomcat.TomcatWebServer  : Tomcat started on port 8080 (http) with context path '/'
2025-06-29T17:51:12.959+09:00  INFO 25435 --- [stt] [           main] com.gco.stt.SttApplication               : Started SttApplication in 1.07 seconds (process running for 1.165)
2025-06-29T17:51:32.440+09:00  INFO 25435 --- [stt] [nio-8080-exec-1] o.a.c.c.C.[Tomcat].[localhost].[/]       : Initializing Spring DispatcherServlet 'dispatcherServlet'
2025-06-29T17:51:32.441+09:00  INFO 25435 --- [stt] [nio-8080-exec-1] o.s.web.servlet.DispatcherServlet        : Initializing Servlet 'dispatcherServlet'
2025-06-29T17:51:32.441+09:00  INFO 25435 --- [stt] [nio-8080-exec-1] o.s.web.servlet.DispatcherServlet        : Completed initialization in 0 ms

> Task :bootRun FAILED

FAILURE: Build failed with an exception.

* What went wrong:
Execution failed for task ':bootRun'.
> Process 'command '/Users/ken/Library/Java/JavaVirtualMachines/temurin-21.0.7/Contents/Home/bin/java'' finished with non-zero exit value 137

* Try:
> Run with --stacktrace option to get the stack trace.
> Run with --info or --debug option to get more log output.
> Run with --scan to get full insights.
> Get more help at https://help.gradle.org.

BUILD FAILED in 8m 8s
4 actionable tasks: 1 executed, 3 up-to-date
